mode: set
github.com/byt3er/bookings/internals/handlers/handlers.go:33.62,38.2 1 0
github.com/byt3er/bookings/internals/handlers/handlers.go:39.51,44.2 1 1
github.com/byt3er/bookings/internals/handlers/handlers.go:47.33,49.2 1 1
github.com/byt3er/bookings/internals/handlers/handlers.go:52.67,58.2 1 1
github.com/byt3er/bookings/internals/handlers/handlers.go:61.68,66.2 1 1
github.com/byt3er/bookings/internals/handlers/handlers.go:69.74,72.9 2 1
github.com/byt3er/bookings/internals/handlers/handlers.go:82.2,83.16 2 1
github.com/byt3er/bookings/internals/handlers/handlers.go:91.2,111.4 10 1
github.com/byt3er/bookings/internals/handlers/handlers.go:72.9,78.3 3 1
github.com/byt3er/bookings/internals/handlers/handlers.go:83.16,89.3 3 1
github.com/byt3er/bookings/internals/handlers/handlers.go:115.78,117.9 2 1
github.com/byt3er/bookings/internals/handlers/handlers.go:123.2,124.16 2 1
github.com/byt3er/bookings/internals/handlers/handlers.go:131.2,144.19 10 1
github.com/byt3er/bookings/internals/handlers/handlers.go:157.2,165.16 6 1
github.com/byt3er/bookings/internals/handlers/handlers.go:171.2,180.16 3 1
github.com/byt3er/bookings/internals/handlers/handlers.go:187.2,224.66 17 1
github.com/byt3er/bookings/internals/handlers/handlers.go:117.9,121.3 3 1
github.com/byt3er/bookings/internals/handlers/handlers.go:124.16,129.3 4 1
github.com/byt3er/bookings/internals/handlers/handlers.go:144.19,155.3 5 1
github.com/byt3er/bookings/internals/handlers/handlers.go:165.16,169.3 3 1
github.com/byt3er/bookings/internals/handlers/handlers.go:180.16,184.3 3 1
github.com/byt3er/bookings/internals/handlers/handlers.go:228.71,230.2 1 1
github.com/byt3er/bookings/internals/handlers/handlers.go:233.69,235.2 1 1
github.com/byt3er/bookings/internals/handlers/handlers.go:238.75,240.2 1 1
github.com/byt3er/bookings/internals/handlers/handlers.go:243.79,245.16 2 1
github.com/byt3er/bookings/internals/handlers/handlers.go:251.2,258.16 5 1
github.com/byt3er/bookings/internals/handlers/handlers.go:266.2,267.16 2 1
github.com/byt3er/bookings/internals/handlers/handlers.go:276.2,277.16 2 1
github.com/byt3er/bookings/internals/handlers/handlers.go:284.2,284.21 1 1
github.com/byt3er/bookings/internals/handlers/handlers.go:293.2,306.4 5 1
github.com/byt3er/bookings/internals/handlers/handlers.go:245.16,250.3 4 1
github.com/byt3er/bookings/internals/handlers/handlers.go:258.16,265.3 4 1
github.com/byt3er/bookings/internals/handlers/handlers.go:267.16,274.3 4 1
github.com/byt3er/bookings/internals/handlers/handlers.go:277.16,282.3 4 1
github.com/byt3er/bookings/internals/handlers/handlers.go:284.21,291.3 4 1
github.com/byt3er/bookings/internals/handlers/handlers.go:310.73,317.16 4 1
github.com/byt3er/bookings/internals/handlers/handlers.go:323.2,324.9 2 1
github.com/byt3er/bookings/internals/handlers/handlers.go:328.2,332.63 3 1
github.com/byt3er/bookings/internals/handlers/handlers.go:317.16,321.3 3 0
github.com/byt3er/bookings/internals/handlers/handlers.go:324.9,327.3 2 0
github.com/byt3er/bookings/internals/handlers/handlers.go:345.79,347.16 2 1
github.com/byt3er/bookings/internals/handlers/handlers.go:355.2,365.16 8 1
github.com/byt3er/bookings/internals/handlers/handlers.go:371.2,372.16 2 1
github.com/byt3er/bookings/internals/handlers/handlers.go:378.2,390.16 5 1
github.com/byt3er/bookings/internals/handlers/handlers.go:397.2,398.14 2 1
github.com/byt3er/bookings/internals/handlers/handlers.go:347.16,351.3 3 1
github.com/byt3er/bookings/internals/handlers/handlers.go:365.16,369.3 3 1
github.com/byt3er/bookings/internals/handlers/handlers.go:372.16,376.3 3 1
github.com/byt3er/bookings/internals/handlers/handlers.go:390.16,394.3 2 0
github.com/byt3er/bookings/internals/handlers/handlers.go:402.70,404.2 1 1
github.com/byt3er/bookings/internals/handlers/handlers.go:407.81,409.9 2 1
github.com/byt3er/bookings/internals/handlers/handlers.go:418.2,432.4 9 1
github.com/byt3er/bookings/internals/handlers/handlers.go:409.9,415.3 3 1
github.com/byt3er/bookings/internals/handlers/handlers.go:437.71,449.16 9 1
github.com/byt3er/bookings/internals/handlers/handlers.go:454.2,461.72 6 1
github.com/byt3er/bookings/internals/handlers/handlers.go:449.16,452.3 2 1
github.com/byt3er/bookings/internals/handlers/handlers.go:465.72,469.2 1 1
github.com/byt3er/bookings/internals/handlers/handlers.go:471.76,479.16 3 1
github.com/byt3er/bookings/internals/handlers/handlers.go:483.2,486.19 4 1
github.com/byt3er/bookings/internals/handlers/handlers.go:493.2,497.16 4 1
github.com/byt3er/bookings/internals/handlers/handlers.go:505.2,507.47 3 1
github.com/byt3er/bookings/internals/handlers/handlers.go:479.16,481.3 1 0
github.com/byt3er/bookings/internals/handlers/handlers.go:486.19,492.3 2 1
github.com/byt3er/bookings/internals/handlers/handlers.go:497.16,502.3 4 1
github.com/byt3er/bookings/internals/handlers/handlers.go:512.69,518.2 3 1
github.com/byt3er/bookings/internals/handlers/handlers.go:520.77,522.2 1 1
github.com/byt3er/bookings/internals/handlers/handlers.go:525.83,527.16 2 1
github.com/byt3er/bookings/internals/handlers/handlers.go:532.2,537.4 3 1
github.com/byt3er/bookings/internals/handlers/handlers.go:527.16,530.3 2 0
github.com/byt3er/bookings/internals/handlers/handlers.go:541.83,543.16 2 1
github.com/byt3er/bookings/internals/handlers/handlers.go:548.2,553.4 3 1
github.com/byt3er/bookings/internals/handlers/handlers.go:543.16,546.3 2 0
github.com/byt3er/bookings/internals/handlers/handlers.go:557.83,562.16 3 1
github.com/byt3er/bookings/internals/handlers/handlers.go:567.2,579.16 9 1
github.com/byt3er/bookings/internals/handlers/handlers.go:584.2,591.4 3 1
github.com/byt3er/bookings/internals/handlers/handlers.go:562.16,565.3 2 0
github.com/byt3er/bookings/internals/handlers/handlers.go:579.16,582.3 2 0
github.com/byt3er/bookings/internals/handlers/handlers.go:594.87,595.38 1 1
github.com/byt3er/bookings/internals/handlers/handlers.go:600.2,602.16 3 1
github.com/byt3er/bookings/internals/handlers/handlers.go:607.2,615.16 5 1
github.com/byt3er/bookings/internals/handlers/handlers.go:620.2,626.16 6 1
github.com/byt3er/bookings/internals/handlers/handlers.go:631.2,636.16 4 1
github.com/byt3er/bookings/internals/handlers/handlers.go:595.38,598.3 2 0
github.com/byt3er/bookings/internals/handlers/handlers.go:602.16,605.3 2 0
github.com/byt3er/bookings/internals/handlers/handlers.go:615.16,618.3 2 0
github.com/byt3er/bookings/internals/handlers/handlers.go:626.16,629.3 2 0
github.com/byt3er/bookings/internals/handlers/handlers.go:636.16,638.3 1 1
github.com/byt3er/bookings/internals/handlers/handlers.go:638.8,640.3 1 1
github.com/byt3er/bookings/internals/handlers/handlers.go:645.88,649.34 2 0
github.com/byt3er/bookings/internals/handlers/handlers.go:657.2,691.16 23 0
github.com/byt3er/bookings/internals/handlers/handlers.go:695.2,697.26 3 0
github.com/byt3er/bookings/internals/handlers/handlers.go:757.2,761.4 1 0
github.com/byt3er/bookings/internals/handlers/handlers.go:649.34,654.3 3 0
github.com/byt3er/bookings/internals/handlers/handlers.go:691.16,694.3 2 0
github.com/byt3er/bookings/internals/handlers/handlers.go:697.26,702.80 3 0
github.com/byt3er/bookings/internals/handlers/handlers.go:711.3,712.17 2 0
github.com/byt3er/bookings/internals/handlers/handlers.go:722.3,722.34 1 0
github.com/byt3er/bookings/internals/handlers/handlers.go:740.3,754.78 3 0
github.com/byt3er/bookings/internals/handlers/handlers.go:702.80,706.4 2 0
github.com/byt3er/bookings/internals/handlers/handlers.go:712.17,715.4 2 0
github.com/byt3er/bookings/internals/handlers/handlers.go:722.34,723.27 1 0
github.com/byt3er/bookings/internals/handlers/handlers.go:723.27,727.79 2 0
github.com/byt3er/bookings/internals/handlers/handlers.go:727.79,729.6 1 0
github.com/byt3er/bookings/internals/handlers/handlers.go:730.10,732.79 1 0
github.com/byt3er/bookings/internals/handlers/handlers.go:732.79,734.6 1 0
github.com/byt3er/bookings/internals/handlers/handlers.go:765.86,775.18 7 1
github.com/byt3er/bookings/internals/handlers/handlers.go:775.18,777.3 1 0
github.com/byt3er/bookings/internals/handlers/handlers.go:777.8,779.3 1 1
github.com/byt3er/bookings/internals/handlers/handlers.go:784.85,794.18 7 1
github.com/byt3er/bookings/internals/handlers/handlers.go:794.18,796.3 1 0
github.com/byt3er/bookings/internals/handlers/handlers.go:796.8,798.3 1 1
github.com/byt3er/bookings/internals/handlers/handlers.go:803.92,806.16 2 1
github.com/byt3er/bookings/internals/handlers/handlers.go:811.2,816.16 4 1
github.com/byt3er/bookings/internals/handlers/handlers.go:821.2,822.26 2 1
github.com/byt3er/bookings/internals/handlers/handlers.go:858.2,858.34 1 1
github.com/byt3er/bookings/internals/handlers/handlers.go:875.2,876.110 2 1
github.com/byt3er/bookings/internals/handlers/handlers.go:806.16,809.3 2 0
github.com/byt3er/bookings/internals/handlers/handlers.go:816.16,819.3 2 0
github.com/byt3er/bookings/internals/handlers/handlers.go:822.26,833.35 2 0
github.com/byt3er/bookings/internals/handlers/handlers.go:833.35,839.35 1 0
github.com/byt3er/bookings/internals/handlers/handlers.go:839.35,843.16 1 0
github.com/byt3er/bookings/internals/handlers/handlers.go:843.16,844.66 1 0
github.com/byt3er/bookings/internals/handlers/handlers.go:844.66,848.21 2 0
github.com/byt3er/bookings/internals/handlers/handlers.go:848.21,850.8 1 0
github.com/byt3er/bookings/internals/handlers/handlers.go:858.34,861.43 1 1
github.com/byt3er/bookings/internals/handlers/handlers.go:861.43,868.18 5 1
github.com/byt3er/bookings/internals/handlers/handlers.go:868.18,870.5 1 0
