mode: set
github.com/byt3er/bookings/internals/handlers/handlers.go:24.47,28.2 1 1
github.com/byt3er/bookings/internals/handlers/handlers.go:31.33,33.2 1 1
github.com/byt3er/bookings/internals/handlers/handlers.go:36.67,41.2 3 1
github.com/byt3er/bookings/internals/handlers/handlers.go:44.68,56.2 5 1
github.com/byt3er/bookings/internals/handlers/handlers.go:59.74,68.2 4 1
github.com/byt3er/bookings/internals/handlers/handlers.go:71.78,73.16 2 1
github.com/byt3er/bookings/internals/handlers/handlers.go:78.2,92.19 6 1
github.com/byt3er/bookings/internals/handlers/handlers.go:103.2,105.8 3 1
github.com/byt3er/bookings/internals/handlers/handlers.go:73.16,76.3 2 0
github.com/byt3er/bookings/internals/handlers/handlers.go:92.19,101.3 4 0
github.com/byt3er/bookings/internals/handlers/handlers.go:109.71,111.2 1 1
github.com/byt3er/bookings/internals/handlers/handlers.go:114.69,116.2 1 1
github.com/byt3er/bookings/internals/handlers/handlers.go:119.75,121.2 1 1
github.com/byt3er/bookings/internals/handlers/handlers.go:124.79,129.2 3 1
github.com/byt3er/bookings/internals/handlers/handlers.go:137.79,143.16 3 1
github.com/byt3er/bookings/internals/handlers/handlers.go:148.2,149.14 2 1
github.com/byt3er/bookings/internals/handlers/handlers.go:143.16,145.3 1 0
github.com/byt3er/bookings/internals/handlers/handlers.go:153.70,155.2 1 1
github.com/byt3er/bookings/internals/handlers/handlers.go:156.81,158.9 2 1
github.com/byt3er/bookings/internals/handlers/handlers.go:166.2,172.4 4 0
github.com/byt3er/bookings/internals/handlers/handlers.go:158.9,163.3 4 1
