mode: set
github.com/byt3er/bookings/cmd/web/middleware.go:9.45,19.2 3 1
github.com/byt3er/bookings/cmd/web/middleware.go:22.50,24.2 1 1
github.com/byt3er/bookings/cmd/web/routes.go:13.49,41.2 18 1
github.com/byt3er/bookings/cmd/web/main.go:24.13,27.16 2 0
github.com/byt3er/bookings/cmd/web/main.go:31.2,39.16 4 0
github.com/byt3er/bookings/cmd/web/main.go:27.16,29.3 1 0
github.com/byt3er/bookings/cmd/web/main.go:39.16,41.3 1 0
github.com/byt3er/bookings/cmd/web/main.go:44.18,61.16 10 1
github.com/byt3er/bookings/cmd/web/main.go:66.2,73.12 6 1
github.com/byt3er/bookings/cmd/web/main.go:61.16,64.3 2 0
